INFO 2023-09-28 12:51:03,191 "GET /ht01/about/ HTTP/1.1" 200 818
INFO 2023-09-28 12:51:03,271 /Users/kalishka82/PyCharmProjects/GB_Django/gbhtproject/ht01app/views.py changed, reloading.
INFO 2023-09-28 12:51:03,523 Watching for file changes with StatReloader
INFO 2023-09-28 12:51:04,128 "GET /ht01/about/ HTTP/1.1" 200 818
INFO 2023-09-28 12:51:05,883 "GET /ht01/about/ HTTP/1.1" 200 818
INFO 2023-09-28 12:51:12,235 "GET /ht01/ HTTP/1.1" 200 504
INFO 2023-09-28 12:51:21,148 "GET /ht01/about/ HTTP/1.1" 200 818
INFO 2023-09-28 12:52:23,837 /Users/kalishka82/PyCharmProjects/GB_Django/gbhtproject/ht01app/views.py changed, reloading.
INFO 2023-09-28 12:52:24,075 Watching for file changes with StatReloader
INFO 2023-09-28 12:52:25,408 "GET /ht01/about/ HTTP/1.1" 200 818
INFO 2023-09-28 12:53:30,896 "GET /ht01/about/ HTTP/1.1" 200 818
INFO 2023-09-28 12:53:31,247 /Users/kalishka82/PyCharmProjects/GB_Django/gbhtproject/ht01app/views.py changed, reloading.
INFO 2023-09-28 12:53:31,482 Watching for file changes with StatReloader
ERROR 2023-09-28 12:53:37,891 Internal Server Error: /ht01/
Traceback (most recent call last):
  File "/Users/kalishka82/PyCharmProjects/GB_Django/venv/lib/python3.10/site-packages/django/core/handlers/exception.py", line 55, in inner
    response = get_response(request)
  File "/Users/kalishka82/PyCharmProjects/GB_Django/venv/lib/python3.10/site-packages/django/core/handlers/base.py", line 220, in _get_response
    response = response.render()
  File "/Users/kalishka82/PyCharmProjects/GB_Django/venv/lib/python3.10/site-packages/django/template/response.py", line 114, in render
    self.content = self.rendered_content
  File "/Users/kalishka82/PyCharmProjects/GB_Django/venv/lib/python3.10/site-packages/django/template/response.py", line 92, in rendered_content
    return template.render(context, self._request)
  File "/Users/kalishka82/PyCharmProjects/GB_Django/venv/lib/python3.10/site-packages/django/template/backends/django.py", line 57, in render
    context = make_context(
  File "/Users/kalishka82/PyCharmProjects/GB_Django/venv/lib/python3.10/site-packages/django/template/context.py", line 278, in make_context
    raise TypeError(
TypeError: context must be a dict rather than tuple.
ERROR 2023-09-28 12:53:37,892 "GET /ht01/ HTTP/1.1" 500 74667
ERROR 2023-09-28 12:53:48,529 Internal Server Error: /ht01/
Traceback (most recent call last):
  File "/Users/kalishka82/PyCharmProjects/GB_Django/venv/lib/python3.10/site-packages/django/core/handlers/exception.py", line 55, in inner
    response = get_response(request)
  File "/Users/kalishka82/PyCharmProjects/GB_Django/venv/lib/python3.10/site-packages/django/core/handlers/base.py", line 220, in _get_response
    response = response.render()
  File "/Users/kalishka82/PyCharmProjects/GB_Django/venv/lib/python3.10/site-packages/django/template/response.py", line 114, in render
    self.content = self.rendered_content
  File "/Users/kalishka82/PyCharmProjects/GB_Django/venv/lib/python3.10/site-packages/django/template/response.py", line 92, in rendered_content
    return template.render(context, self._request)
  File "/Users/kalishka82/PyCharmProjects/GB_Django/venv/lib/python3.10/site-packages/django/template/backends/django.py", line 57, in render
    context = make_context(
  File "/Users/kalishka82/PyCharmProjects/GB_Django/venv/lib/python3.10/site-packages/django/template/context.py", line 278, in make_context
    raise TypeError(
TypeError: context must be a dict rather than tuple.
ERROR 2023-09-28 12:53:48,529 "GET /ht01/ HTTP/1.1" 500 74804
INFO 2023-09-28 12:53:48,923 /Users/kalishka82/PyCharmProjects/GB_Django/gbhtproject/ht01app/views.py changed, reloading.
INFO 2023-09-28 12:53:49,231 Watching for file changes with StatReloader
INFO 2023-09-28 12:53:50,241 "GET /ht01/ HTTP/1.1" 200 504
INFO 2023-09-28 12:53:51,264 "GET /ht01/ HTTP/1.1" 200 504
INFO 2023-09-28 12:53:53,280 "GET /ht01/ HTTP/1.1" 200 504
INFO 2023-09-28 12:53:54,832 "GET /ht01/about/ HTTP/1.1" 200 818
INFO 2023-09-28 12:53:57,565 "GET /ht01/ HTTP/1.1" 200 504
INFO 2023-09-28 12:53:59,148 "GET /ht01/about/ HTTP/1.1" 200 818
INFO 2023-09-28 12:54:02,712 "GET /ht01/ HTTP/1.1" 200 504
INFO 2023-09-28 12:54:03,715 "GET /ht01/about/ HTTP/1.1" 200 818
